<?xml version="1.0" encoding="UTF-8"?>
<testsuite xmlns:xsi="http://www.w3.org/2001/XMLSchema-instance" xsi:noNamespaceSchemaLocation="https://maven.apache.org/surefire/maven-surefire-plugin/xsd/surefire-test-report.xsd" name="org.apache.flink.dist.TaskManagerHeapSizeCalculationJavaBashTest" time="6.768" tests="2" errors="0" skipped="0" failures="0">
  <properties>
[...]
</properties>
  <testcase name="compareNetworkBufShellScriptWithJava" classname="org.apache.flink.dist.TaskManagerHeapSizeCalculationJavaBashTest" time="3.604"/>
  <testcase name="compareHeapSizeShellScriptWithJava" classname="org.apache.flink.dist.TaskManagerHeapSizeCalculationJavaBashTest" time="3.068"/>
</testsuite>